d:\repo\project\project\build\vc143.pdb
d:\repo\project\project\build\overlay.obj
d:\repo\project\project\build\main.obj
d:\repo\project\project\build\imgui_widgets.obj
d:\repo\project\project\build\imgui_tables.obj
d:\repo\project\project\build\imgui_impl_win32.obj
d:\repo\project\project\build\imgui_impl_dx11.obj
d:\repo\project\project\build\imgui_draw.obj
d:\repo\project\project\build\imgui.obj
d:\repo\project\build\project.exe
d:\repo\project\build\project.lib
d:\repo\project\build\project.exp
d:\repo\project\project\build\project.ipdb
d:\repo\project\project\build\project.iobj
d:\repo\project\project\build\project.tlog\cl.command.1.tlog
d:\repo\project\project\build\project.tlog\cl.items.tlog
d:\repo\project\project\build\project.tlog\cl.read.1.tlog
d:\repo\project\project\build\project.tlog\cl.write.1.tlog
d:\repo\project\project\build\project.tlog\link.command.1.tlog
d:\repo\project\project\build\project.tlog\link.read.1.tlog
d:\repo\project\project\build\project.tlog\link.secondary.1.tlog
d:\repo\project\project\build\project.tlog\link.write.1.tlog
